  [1m[35m (1.9ms)[0m  [1m[35mCREATE DATABASE `mini_talk_app_development` DEFAULT CHARACTER SET `utf8mb4`[0m
  [1m[35m (1.1ms)[0m  [1m[35mCREATE DATABASE `mini_talk_app_test` DEFAULT CHARACTER SET `utf8mb4`[0m
  [1m[35m (0.2ms)[0m  [1m[34mSELECT @@innodb_file_per_table = 1 AND @@innodb_file_format = 'Barracuda'[0m
  [1m[35m (35.8ms)[0m  [1m[35mCREATE TABLE `schema_migrations` (`version` varchar(255) COLLATE utf8_general_ci NOT NULL PRIMARY KEY)[0m
  [1m[35m (23.0ms)[0m  [1m[35mCREATE TABLE `ar_internal_metadata` (`key` varchar(255) COLLATE utf8_general_ci NOT NULL PRIMARY KEY, `value` varchar(255), `created_at` datetime(6) NOT NULL, `updated_at` datetime(6) NOT NULL)[0m
  [1m[35m (3.9ms)[0m  [1m[34mSELECT GET_LOCK('7938116120315389365', 0)[0m
  [1m[35m (0.4ms)[0m  [1m[34mSELECT `schema_migrations`.`version` FROM `schema_migrations` ORDER BY `schema_migrations`.`version` ASC[0m
Migrating to CreateMessages (20210819050027)
  [1m[35m (41.6ms)[0m  [1m[35mCREATE TABLE `messages` (`id` bigint NOT NULL AUTO_INCREMENT PRIMARY KEY, `text` text, `created_at` datetime(6) NOT NULL, `updated_at` datetime(6) NOT NULL)[0m
  [1m[35m (0.3ms)[0m  [1m[35mBEGIN[0m
  [1m[36mActiveRecord::SchemaMigration Create (8.4ms)[0m  [1m[32mINSERT INTO `schema_migrations` (`version`) VALUES ('20210819050027')[0m
  [1m[35m (0.4ms)[0m  [1m[35mCOMMIT[0m
  [1m[36mActiveRecord::InternalMetadata Load (0.5ms)[0m  [1m[34mSELECT `ar_internal_metadata`.* FROM `ar_internal_metadata` WHERE `ar_internal_metadata`.`key` = 'environment' LIMIT 1[0m
  [1m[35m (0.3ms)[0m  [1m[35mBEGIN[0m
  [1m[36mActiveRecord::InternalMetadata Create (0.4ms)[0m  [1m[32mINSERT INTO `ar_internal_metadata` (`key`, `value`, `created_at`, `updated_at`) VALUES ('environment', 'development', '2021-08-19 05:00:46.354000', '2021-08-19 05:00:46.354000')[0m
  [1m[35m (0.4ms)[0m  [1m[35mCOMMIT[0m
  [1m[35m (0.3ms)[0m  [1m[34mSELECT RELEASE_LOCK('7938116120315389365')[0m
  [1m[35m (0.2ms)[0m  [1m[34mSELECT `schema_migrations`.`version` FROM `schema_migrations` ORDER BY `schema_migrations`.`version` ASC[0m
Started GET "/" for ::1 at 2021-08-19 14:06:27 +0900
  [1m[35m (3.1ms)[0m  [1m[34mSELECT `schema_migrations`.`version` FROM `schema_migrations` ORDER BY `schema_migrations`.`version` ASC[0m
Processing by MessagesController#new as HTML
  Rendering messages/new.html.erb within layouts/application
  [1m[36mMessage Load (0.5ms)[0m  [1m[34mSELECT `messages`.* FROM `messages`[0m
  â†³ app/views/messages/new.html.erb:7:in `reverse_each'
  Rendered messages/new.html.erb within layouts/application (Duration: 7.6ms | Allocations: 1869)
[Webpacker] Compiling...
[Webpacker] Compiled all packs in /Users/mitsusatonambu/projects/mini-talk-app/public/packs
[Webpacker] Though the "loose" option was set to "false" in your @babel/preset-env config, it will not be used for @babel/plugin-proposal-private-property-in-object since the "loose" mode option was set to "true" for @babel/plugin-proposal-class-properties.
The "loose" option must be the same for @babel/plugin-proposal-class-properties, @babel/plugin-proposal-private-methods and @babel/plugin-proposal-private-property-in-object (when they are enabled): you can silence this warning by explicitly adding
	["@babel/plugin-proposal-private-property-in-object", { "loose": true }]
to the "plugins" section of your Babel config.
Though the "loose" option was set to "false" in your @babel/preset-env config, it will not be used for @babel/plugin-proposal-private-methods since the "loose" mode option was set to "true" for @babel/plugin-proposal-private-property-in-object.
The "loose" option must be the same for @babel/plugin-proposal-class-properties, @babel/plugin-proposal-private-methods and @babel/plugin-proposal-private-property-in-object (when they are enabled): you can silence this warning by explicitly adding
	["@babel/plugin-proposal-private-methods", { "loose": true }]
to the "plugins" section of your Babel config.
Though the "loose" option was set to "false" in your @babel/preset-env config, it will not be used for @babel/plugin-proposal-private-property-in-object since the "loose" mode option was set to "true" for @babel/plugin-proposal-class-properties.
The "loose" option must be the same for @babel/plugin-proposal-class-properties, @babel/plugin-proposal-private-methods and @babel/plugin-proposal-private-property-in-object (when they are enabled): you can silence this warning by explicitly adding
	["@babel/plugin-proposal-private-property-in-object", { "loose": true }]
to the "plugins" section of your Babel config.
Though the "loose" option was set to "false" in your @babel/preset-env config, it will not be used for @babel/plugin-proposal-private-methods since the "loose" mode option was set to "true" for @babel/plugin-proposal-private-property-in-object.
The "loose" option must be the same for @babel/plugin-proposal-class-properties, @babel/plugin-proposal-private-methods and @babel/plugin-proposal-private-property-in-object (when they are enabled): you can silence this warning by explicitly adding
	["@babel/plugin-proposal-private-methods", { "loose": true }]
to the "plugins" section of your Babel config.
Though the "loose" option was set to "false" in your @babel/preset-env config, it will not be used for @babel/plugin-proposal-private-property-in-object since the "loose" mode option was set to "true" for @babel/plugin-proposal-class-properties.
The "loose" option must be the same for @babel/plugin-proposal-class-properties, @babel/plugin-proposal-private-methods and @babel/plugin-proposal-private-property-in-object (when they are enabled): you can silence this warning by explicitly adding
	["@babel/plugin-proposal-private-property-in-object", { "loose": true }]
to the "plugins" section of your Babel config.
Though the "loose" option was set to "false" in your @babel/preset-env config, it will not be used for @babel/plugin-proposal-private-methods since the "loose" mode option was set to "true" for @babel/plugin-proposal-private-property-in-object.
The "loose" option must be the same for @babel/plugin-proposal-class-properties, @babel/plugin-proposal-private-methods and @babel/plugin-proposal-private-property-in-object (when they are enabled): you can silence this warning by explicitly adding
	["@babel/plugin-proposal-private-methods", { "loose": true }]
to the "plugins" section of your Babel config.
Though the "loose" option was set to "false" in your @babel/preset-env config, it will not be used for @babel/plugin-proposal-private-property-in-object since the "loose" mode option was set to "true" for @babel/plugin-proposal-class-properties.
The "loose" option must be the same for @babel/plugin-proposal-class-properties, @babel/plugin-proposal-private-methods and @babel/plugin-proposal-private-property-in-object (when they are enabled): you can silence this warning by explicitly adding
	["@babel/plugin-proposal-private-property-in-object", { "loose": true }]
to the "plugins" section of your Babel config.
Though the "loose" option was set to "false" in your @babel/preset-env config, it will not be used for @babel/plugin-proposal-private-methods since the "loose" mode option was set to "true" for @babel/plugin-proposal-private-property-in-object.
The "loose" option must be the same for @babel/plugin-proposal-class-properties, @babel/plugin-proposal-private-methods and @babel/plugin-proposal-private-property-in-object (when they are enabled): you can silence this warning by explicitly adding
	["@babel/plugin-proposal-private-methods", { "loose": true }]
to the "plugins" section of your Babel config.
Though the "loose" option was set to "false" in your @babel/preset-env config, it will not be used for @babel/plugin-proposal-private-property-in-object since the "loose" mode option was set to "true" for @babel/plugin-proposal-class-properties.
The "loose" option must be the same for @babel/plugin-proposal-class-properties, @babel/plugin-proposal-private-methods and @babel/plugin-proposal-private-property-in-object (when they are enabled): you can silence this warning by explicitly adding
	["@babel/plugin-proposal-private-property-in-object", { "loose": true }]
to the "plugins" section of your Babel config.
Though the "loose" option was set to "false" in your @babel/preset-env config, it will not be used for @babel/plugin-proposal-private-methods since the "loose" mode option was set to "true" for @babel/plugin-proposal-private-property-in-object.
The "loose" option must be the same for @babel/plugin-proposal-class-properties, @babel/plugin-proposal-private-methods and @babel/plugin-proposal-private-property-in-object (when they are enabled): you can silence this warning by explicitly adding
	["@babel/plugin-proposal-private-methods", { "loose": true }]
to the "plugins" section of your Babel config.
Though the "loose" option was set to "false" in your @babel/preset-env config, it will not be used for @babel/plugin-proposal-private-property-in-object since the "loose" mode option was set to "true" for @babel/plugin-proposal-class-properties.
The "loose" option must be the same for @babel/plugin-proposal-class-properties, @babel/plugin-proposal-private-methods and @babel/plugin-proposal-private-property-in-object (when they are enabled): you can silence this warning by explicitly adding
	["@babel/plugin-proposal-private-property-in-object", { "loose": true }]
to the "plugins" section of your Babel config.
Though the "loose" option was set to "false" in your @babel/preset-env config, it will not be used for @babel/plugin-proposal-private-methods since the "loose" mode option was set to "true" for @babel/plugin-proposal-private-property-in-object.
The "loose" option must be the same for @babel/plugin-proposal-class-properties, @babel/plugin-proposal-private-methods and @babel/plugin-proposal-private-property-in-object (when they are enabled): you can silence this warning by explicitly adding
	["@babel/plugin-proposal-private-methods", { "loose": true }]
to the "plugins" section of your Babel config.

[Webpacker] Hash: bdff1afdfbe7c189d484
Version: webpack 4.46.0
Time: 2776ms
Built at: 2021/08/19 14:06:34
                                     Asset       Size       Chunks                         Chunk Names
    js/application-a860ea931ce4c057e219.js    124 KiB  application  [emitted] [immutable]  application
js/application-a860ea931ce4c057e219.js.map    139 KiB  application  [emitted] [dev]        application
                             manifest.json  364 bytes               [emitted]              
Entrypoint application = js/application-a860ea931ce4c057e219.js js/application-a860ea931ce4c057e219.js.map
[./app/javascript/channels sync recursive _channel\.js$] ./app/javascript/channels sync _channel\.js$ 160 bytes {application} [built]
[./app/javascript/channels/index.js] 211 bytes {application} [built]
[./app/javascript/packs/application.js] 749 bytes {application} [built]
[./node_modules/webpack/buildin/module.js] (webpack)/buildin/module.js 552 bytes {application} [built]
    + 3 hidden modules

Completed 200 OK in 6479ms (Views: 6459.2ms | ActiveRecord: 3.9ms | Allocations: 1513305)


Started GET "/" for ::1 at 2021-08-19 14:11:24 +0900
Processing by MessagesController#new as HTML
  Rendering messages/new.html.erb within layouts/application
  [1m[36mMessage Load (0.5ms)[0m  [1m[34mSELECT `messages`.* FROM `messages`[0m
  â†³ app/views/messages/new.html.erb:7:in `reverse_each'
  Rendered messages/new.html.erb within layouts/application (Duration: 3.8ms | Allocations: 983)
[Webpacker] Compiling...
[Webpacker] Compiled all packs in /Users/mitsusatonambu/projects/mini-talk-app/public/packs
[Webpacker] Though the "loose" option was set to "false" in your @babel/preset-env config, it will not be used for @babel/plugin-proposal-private-property-in-object since the "loose" mode option was set to "true" for @babel/plugin-proposal-class-properties.
The "loose" option must be the same for @babel/plugin-proposal-class-properties, @babel/plugin-proposal-private-methods and @babel/plugin-proposal-private-property-in-object (when they are enabled): you can silence this warning by explicitly adding
	["@babel/plugin-proposal-private-property-in-object", { "loose": true }]
to the "plugins" section of your Babel config.
Though the "loose" option was set to "false" in your @babel/preset-env config, it will not be used for @babel/plugin-proposal-private-methods since the "loose" mode option was set to "true" for @babel/plugin-proposal-private-property-in-object.
The "loose" option must be the same for @babel/plugin-proposal-class-properties, @babel/plugin-proposal-private-methods and @babel/plugin-proposal-private-property-in-object (when they are enabled): you can silence this warning by explicitly adding
	["@babel/plugin-proposal-private-methods", { "loose": true }]
to the "plugins" section of your Babel config.
Though the "loose" option was set to "false" in your @babel/preset-env config, it will not be used for @babel/plugin-proposal-private-property-in-object since the "loose" mode option was set to "true" for @babel/plugin-proposal-class-properties.
The "loose" option must be the same for @babel/plugin-proposal-class-properties, @babel/plugin-proposal-private-methods and @babel/plugin-proposal-private-property-in-object (when they are enabled): you can silence this warning by explicitly adding
	["@babel/plugin-proposal-private-property-in-object", { "loose": true }]
to the "plugins" section of your Babel config.
Though the "loose" option was set to "false" in your @babel/preset-env config, it will not be used for @babel/plugin-proposal-private-methods since the "loose" mode option was set to "true" for @babel/plugin-proposal-private-property-in-object.
The "loose" option must be the same for @babel/plugin-proposal-class-properties, @babel/plugin-proposal-private-methods and @babel/plugin-proposal-private-property-in-object (when they are enabled): you can silence this warning by explicitly adding
	["@babel/plugin-proposal-private-methods", { "loose": true }]
to the "plugins" section of your Babel config.
Though the "loose" option was set to "false" in your @babel/preset-env config, it will not be used for @babel/plugin-proposal-private-property-in-object since the "loose" mode option was set to "true" for @babel/plugin-proposal-class-properties.
The "loose" option must be the same for @babel/plugin-proposal-class-properties, @babel/plugin-proposal-private-methods and @babel/plugin-proposal-private-property-in-object (when they are enabled): you can silence this warning by explicitly adding
	["@babel/plugin-proposal-private-property-in-object", { "loose": true }]
to the "plugins" section of your Babel config.
Though the "loose" option was set to "false" in your @babel/preset-env config, it will not be used for @babel/plugin-proposal-private-methods since the "loose" mode option was set to "true" for @babel/plugin-proposal-private-property-in-object.
The "loose" option must be the same for @babel/plugin-proposal-class-properties, @babel/plugin-proposal-private-methods and @babel/plugin-proposal-private-property-in-object (when they are enabled): you can silence this warning by explicitly adding
	["@babel/plugin-proposal-private-methods", { "loose": true }]
to the "plugins" section of your Babel config.

[Webpacker] Hash: ac61bd743aece8d0d737
Version: webpack 4.46.0
Time: 1870ms
Built at: 2021/08/19 14:11:28
                                     Asset       Size       Chunks                         Chunk Names
    js/application-3bbcbf25b2a42ed79255.js    147 KiB  application  [emitted] [immutable]  application
js/application-3bbcbf25b2a42ed79255.js.map    164 KiB  application  [emitted] [dev]        application
                             manifest.json  364 bytes               [emitted]              
Entrypoint application = js/application-3bbcbf25b2a42ed79255.js js/application-3bbcbf25b2a42ed79255.js.map
[./app/javascript/channels sync recursive _channel\.js$] ./app/javascript/channels sync _channel\.js$ 185 bytes {application} [built]
[./app/javascript/channels/consumer.js] 265 bytes {application} [built]
[./app/javascript/channels/index.js] 211 bytes {application} [built]
[./app/javascript/channels/message_channel.js] 599 bytes {application} [optional] [built]
[./app/javascript/packs/application.js] 749 bytes {application} [built]
[./node_modules/webpack/buildin/module.js] (webpack)/buildin/module.js 552 bytes {application} [built]
    + 4 hidden modules

Completed 200 OK in 4723ms (Views: 4696.5ms | ActiveRecord: 14.3ms | Allocations: 51059)


Started GET "/cable" for ::1 at 2021-08-19 14:11:29 +0900
Started GET "/cable/" [WebSocket] for ::1 at 2021-08-19 14:11:29 +0900
Successfully upgraded to WebSocket (REQUEST_METHOD: GET, HTTP_CONNECTION: Upgrade, HTTP_UPGRADE: websocket)
MessageChannel is transmitting the subscription confirmation
MessageChannel is streaming from message_channel
Started POST "/messages" for ::1 at 2021-08-19 14:11:32 +0900
Processing by MessagesController#create as JS
  Parameters: {"authenticity_token"=>"g3FHMeCPDCFoU/pOqRlEg1PzVvrnsbjs5bwVV4S1VGnkohLVO602Wk8I/E4YLyZXIs3nsCwLPbubLx7BKF0CMA==", "message"=>{"text"=>"aaa"}, "commit"=>"é€ä¿¡"}
  [1m[35m (0.2ms)[0m  [1m[35mBEGIN[0m
  â†³ app/controllers/messages_controller.rb:9:in `create'
  [1m[36mMessage Create (4.1ms)[0m  [1m[32mINSERT INTO `messages` (`text`, `created_at`, `updated_at`) VALUES ('aaa', '2021-08-19 05:11:32.967941', '2021-08-19 05:11:32.967941')[0m
  â†³ app/controllers/messages_controller.rb:9:in `create'
  [1m[35m (1.6ms)[0m  [1m[35mCOMMIT[0m
  â†³ app/controllers/messages_controller.rb:9:in `create'
[ActionCable] Broadcasting to message_channel: {:content=>#<Message id: 1, text: "aaa", created_at: "2021-08-19 05:11:32", updated_at: "2021-08-19 05:11:32">}
MessageChannel transmitting {"content"=>{"id"=>1, "text"=>"aaa", "created_at"=>"2021-08-19T05:11:32.967Z", "updated_at"=>"2021-08-19T05:11:32.967Z"}} (via streamed from message_channel)
No template found for MessagesController#create, rendering head :no_content
Completed 204 No Content in 21ms (ActiveRecord: 5.9ms | Allocations: 5701)


Started GET "/" for ::1 at 2021-08-19 14:17:32 +0900
Processing by MessagesController#new as HTML
  Rendering messages/new.html.erb within layouts/application
  [1m[36mMessage Load (1.6ms)[0m  [1m[34mSELECT `messages`.* FROM `messages`[0m
  â†³ app/views/messages/new.html.erb:7:in `reverse_each'
  Rendered messages/new.html.erb within layouts/application (Duration: 5.7ms | Allocations: 944)
[Webpacker] Everything's up-to-date. Nothing to do
Completed 200 OK in 24ms (Views: 19.8ms | ActiveRecord: 1.6ms | Allocations: 6837)


Started GET "/cable" for ::1 at 2021-08-19 14:17:32 +0900
Started GET "/cable/" [WebSocket] for ::1 at 2021-08-19 14:17:32 +0900
Successfully upgraded to WebSocket (REQUEST_METHOD: GET, HTTP_CONNECTION: Upgrade, HTTP_UPGRADE: websocket)
MessageChannel is transmitting the subscription confirmation
MessageChannel is streaming from message_channel
Finished "/cable/" [WebSocket] for ::1 at 2021-08-19 14:17:39 +0900
MessageChannel stopped streaming from message_channel
